Change Component Designator: Old Designator=C? New Designator=C1
Change Component Designator: Old Designator=DA? New Designator=DA1
Change Component Designator: Old Designator=DA? New Designator=DA2
Change Component Designator: Old Designator=DD? New Designator=DD1
Change Component Designator: Old Designator=DD? New Designator=DD2
Change Component Designator: Old Designator=DD? New Designator=DD3
Change Component Designator: Old Designator=F? New Designator=F1
Change Component Designator: Old Designator=R? New Designator=R1
Change Component Designator: Old Designator=R? New Designator=R2
Change Component Designator: Old Designator=R? New Designator=R3
Change Component Designator: Old Designator=R? New Designator=R4
Change Component Designator: Old Designator=R? New Designator=R5
Change Component Designator: Old Designator=R? New Designator=R6
Change Component Designator: Old Designator=SB? New Designator=SB1
Change Component Designator: Old Designator=SB? New Designator=SB2
Change Component Designator: Old Designator=SB? New Designator=SB3
Change Component Designator: Old Designator=SB? New Designator=SB4
Change Component Designator: Old Designator=SB? New Designator=SB5
Change Component Designator: Old Designator=SB? New Designator=SB6
Change Component Designator: Old Designator=SB? New Designator=SB7
Change Component Designator: Old Designator=SB? New Designator=SB8
Change Component Designator: Old Designator=SB? New Designator=SB9
Change Component Designator: Old Designator=SB? New Designator=SB10
Change Component Designator: Old Designator=XS? New Designator=XS1
Change Component Designator: Old Designator=XS? New Designator=XS2
Change Component Designator: Old Designator=XS? New Designator=XS3
Change Component Designator: Old Designator=XS? New Designator=XS4
Change Component Designator: Old Designator=XS? New Designator=XS5
