Added Component: Designator=XS1(PinOutX8)
Added Component: Designator=XS2(Power)
Added Component: Designator=XS3(PinOutX5)
Added Component: Designator=XS4(PinOutX6)
Add Pin To Net: Unknown Pin: Pin DD1-1
Add Pin To Net: Unknown Pin: Pin DD1-3
Add Pin To Net: Unknown Pin: Pin DD1-4
Add Pin To Net: Unknown Pin: Pin DD1-5
Add Pin To Net: Unknown Pin: Pin DD1-6
Add Pin To Net: Unknown Pin: Pin DD1-7
Add Pin To Net: Unknown Pin: Pin DD1-8
Add Pin To Net: Unknown Pin: Pin DD1-9
Add Pin To Net: Unknown Pin: Pin DD1-10
Added Pin To Net: NetName=+3.3v Pin=XS1-1
Added Pin To Net: NetName=NetDD1_4 Pin=XS1-2
Added Pin To Net: NetName=NetDD1_6 Pin=XS1-3
Added Pin To Net: NetName=NetDD1_3 Pin=XS1-4
Added Pin To Net: NetName=NetDD1_1 Pin=XS1-5
Added Pin To Net: NetName=NetDD1_7 Pin=XS1-6
Added Pin To Net: NetName=GND Pin=XS1-7
Added Pin To Net: NetName=+3.3v Pin=XS1-8
Added Pin To Net: NetName=+5v Pin=XS2-1
Added Pin To Net: NetName=GND Pin=XS2-2
Added Pin To Net: NetName=+5v Pin=XS3-1
Added Pin To Net: NetName=+3.3v Pin=XS3-2
Added Pin To Net: NetName=GND Pin=XS3-5
Added Pin To Net: NetName=GND Pin=XS4-1
Added Pin To Net: NetName=+5v Pin=XS4-2
Added Pin To Net: NetName=NetDD1_5 Pin=XS4-3
Added Pin To Net: NetName=NetDD1_6 Pin=XS4-4
Added Pin To Net: NetName=NetDD1_4 Pin=XS4-5
Added Pin To Net: NetName=NetDD1_11 Pin=XS4-6
Added Net: Name=NetDD1_11
Added Pin To Net: NetName=NetDD1_13 Pin=XS3-3
Added Net: Name=NetDD1_13
Added Pin To Net: NetName=NetDD1_14 Pin=XS3-4
Added Net: Name=NetDD1_14
Add Class Member: Failed to add class member : Component DD1 LOLINESP8266
Added Member To Class: ClassName=Sheet1 Member=Component XS1 TFT_Display
Added Member To Class: ClassName=Sheet1 Member=Component XS2 Power
Added Member To Class: ClassName=Sheet1 Member=Component XS3 ESP->Interface
Added Member To Class: ClassName=Sheet1 Member=Component XS4 SDcard
