Removed Pin From Net: NetName=GND Pin=DA1-6
Removed Pin From Net: NetName=+3.3v Pin=DD1-9
Removed Pin From Net: NetName=GND Pin=DD1-10
Removed Pin From Net: NetName=GND Pin=DD1-15
Removed Pin From Net: NetName=GND Pin=DD1-16
Removed Pin From Net: NetName=GND Pin=DD1-17
Removed Pin From Net: NetName=GND Pin=SB3-2
Removed Pin From Net: NetName=GND Pin=SB4-2
Removed Pin From Net: NetName=GND Pin=SB5-2
Removed Pin From Net: NetName=GND Pin=SB6-2
Removed Pin From Net: NetName=GND Pin=SB7-2
Removed Pin From Net: NetName=GND Pin=SB8-2
Removed Pin From Net: NetName=GND Pin=SB9-2
Removed Pin From Net: NetName=GND Pin=SB10-2
Removed Pin From Net: NetName=GND Pin=XS4-1
Removed Pin From Net: NetName=+3.3v Pin=XS4-2
Removed Pin From Net: NetName=GND Pin=XS4-7
Removed Pin From Net: NetName=+3.3v Pin=XS4-8
Removed Member From Class: ClassName=Sheet1 Member=DA1
Removed Member From Class: ClassName=Sheet1 Member=DD2
Removed Member From Class: ClassName=Sheet1 Member=R1
Removed Member From Class: ClassName=Sheet1 Member=R2
Removed Member From Class: ClassName=Sheet1 Member=SB1
Removed Member From Class: ClassName=Sheet1 Member=SB2
Removed Member From Class: ClassName=Sheet1 Member=SB3
Removed Member From Class: ClassName=Sheet1 Member=SB4
Removed Member From Class: ClassName=Sheet1 Member=SB5
Removed Member From Class: ClassName=Sheet1 Member=SB6
Removed Member From Class: ClassName=Sheet1 Member=SB7
Removed Member From Class: ClassName=Sheet1 Member=SB8
Removed Member From Class: ClassName=Sheet1 Member=SB9
Removed Member From Class: ClassName=Sheet1 Member=SB10
Change Component Designator: OldDesignator=DD2 NewDesignator=DD1
Change Component Designator: OldDesignator=XS1 NewDesignator=XS2
Added Component: Designator=XS1(PinOutX8)
Added Component: Designator=XS3(PinOutX5)
Added Component: Designator=XS4(PinOutX6)
Added Pin To Net: NetName=+3.3v Pin=XS1-1
Added Pin To Net: NetName=GND Pin=XS1-7
Added Pin To Net: NetName=+3.3v Pin=XS1-8
Added Pin To Net: NetName=GND Pin=XS2-2
Added Pin To Net: NetName=+3.3v Pin=XS3-2
Added Pin To Net: NetName=GND Pin=XS3-5
Added Pin To Net: NetName=GND Pin=XS4-1
Added Pin To Net: NetName=+5v Pin=DD1-15
Added Pin To Net: NetName=+5v Pin=XS2-1
Added Pin To Net: NetName=+5v Pin=XS3-1
Added Pin To Net: NetName=+5v Pin=XS4-2
Added Net: Name=+5v
Added Pin To Net: NetName=NetDD1_1 Pin=DD1-1
Added Pin To Net: NetName=NetDD1_1 Pin=XS1-5
Added Net: Name=NetDD1_1
Added Pin To Net: NetName=NetDD1_3 Pin=DD1-3
Added Pin To Net: NetName=NetDD1_3 Pin=XS1-4
Added Net: Name=NetDD1_3
Added Pin To Net: NetName=NetDD1_4 Pin=DD1-4
Added Pin To Net: NetName=NetDD1_4 Pin=XS1-2
Added Pin To Net: NetName=NetDD1_4 Pin=XS4-5
Added Net: Name=NetDD1_4
Added Pin To Net: NetName=NetDD1_5 Pin=DD1-5
Added Pin To Net: NetName=NetDD1_5 Pin=XS4-3
Added Net: Name=NetDD1_5
Added Pin To Net: NetName=NetDD1_6 Pin=DD1-6
Added Pin To Net: NetName=NetDD1_6 Pin=XS1-3
Added Pin To Net: NetName=NetDD1_6 Pin=XS4-4
Added Net: Name=NetDD1_6
Added Pin To Net: NetName=NetDD1_7 Pin=DD1-7
Added Pin To Net: NetName=NetDD1_7 Pin=XS1-6
Added Net: Name=NetDD1_7
Added Pin To Net: NetName=NetDD1_17 Pin=XS4-6
Added Net: Name=NetDD1_17
Added Pin To Net: NetName=NetDD1_19 Pin=XS3-3
Added Net: Name=NetDD1_19
Added Pin To Net: NetName=NetDD1_20 Pin=XS3-4
Added Net: Name=NetDD1_20
