Added Component: Designator=DA1(1S 4056 BMS USB C)
Added Component: Designator=DD1(DIP28)
Added Component: Designator=DD2(ESP8266Wemos)
Added Component: Designator=R1(res)
Added Component: Designator=R2(res)
Added Component: Designator=SB1(On/Off)
Added Component: Designator=SB2(On/Off)
Added Component: Designator=SB3(button)
Added Component: Designator=SB4(button)
Added Component: Designator=SB5(button)
Added Component: Designator=SB6(button)
Added Component: Designator=SB7(button)
Added Component: Designator=SB8(button)
Added Component: Designator=SB9(button)
Added Component: Designator=SB10(button)
Added Component: Designator=XS1(Power)
Added Component: Designator=XS2(2pin)
Added Component: Designator=XS3(2pin)
Added Component: Designator=XS4(TFT)
Added Pin To Net: NetName=+3.3v Pin=DD1-9
Added Pin To Net: NetName=+3.3v Pin=DD2-8
Added Pin To Net: NetName=+3.3v Pin=XS4-2
Added Pin To Net: NetName=+3.3v Pin=XS4-8
Added Net: Name=+3.3v
Added Pin To Net: NetName=GND Pin=DA1-6
Added Pin To Net: NetName=GND Pin=DD1-10
Added Pin To Net: NetName=GND Pin=DD1-15
Added Pin To Net: NetName=GND Pin=DD1-16
Added Pin To Net: NetName=GND Pin=DD1-17
Added Pin To Net: NetName=GND Pin=DD2-16
Added Pin To Net: NetName=GND Pin=SB3-2
Added Pin To Net: NetName=GND Pin=SB4-2
Added Pin To Net: NetName=GND Pin=SB5-2
Added Pin To Net: NetName=GND Pin=SB6-2
Added Pin To Net: NetName=GND Pin=SB7-2
Added Pin To Net: NetName=GND Pin=SB8-2
Added Pin To Net: NetName=GND Pin=SB9-2
Added Pin To Net: NetName=GND Pin=SB10-2
Added Pin To Net: NetName=GND Pin=XS4-1
Added Pin To Net: NetName=GND Pin=XS4-7
Added Net: Name=GND
Added Pin To Net: NetName=NetDA1_1 Pin=DA1-1
Added Pin To Net: NetName=NetDA1_1 Pin=XS2-1
Added Net: Name=NetDA1_1
Added Pin To Net: NetName=NetDA1_2 Pin=DA1-2
Added Pin To Net: NetName=NetDA1_2 Pin=XS2-2
Added Net: Name=NetDA1_2
Added Pin To Net: NetName=NetDA1_3 Pin=DA1-3
Added Pin To Net: NetName=NetDA1_3 Pin=XS1-1
Added Net: Name=NetDA1_3
Added Pin To Net: NetName=NetDA1_4 Pin=DA1-4
Added Pin To Net: NetName=NetDA1_4 Pin=XS1-2
Added Net: Name=NetDA1_4
Added Pin To Net: NetName=NetDA1_5 Pin=DA1-5
Added Pin To Net: NetName=NetDA1_5 Pin=SB2-1
Added Net: Name=NetDA1_5
Added Pin To Net: NetName=NetDD1_12 Pin=DD1-12
Added Pin To Net: NetName=NetDD1_12 Pin=R1-2
Added Net: Name=NetDD1_12
Added Pin To Net: NetName=NetDD1_13 Pin=DD1-13
Added Pin To Net: NetName=NetDD1_13 Pin=R2-2
Added Net: Name=NetDD1_13
Added Pin To Net: NetName=NetDD1_18 Pin=DD1-18
Added Pin To Net: NetName=NetDD1_18 Pin=DD2-1
Added Pin To Net: NetName=NetDD1_18 Pin=XS4-5
Added Net: Name=NetDD1_18
Added Pin To Net: NetName=NetDD1_21 Pin=DD1-21
Added Pin To Net: NetName=NetDD1_21 Pin=SB10-1
Added Net: Name=NetDD1_21
Added Pin To Net: NetName=NetDD1_22 Pin=DD1-22
Added Pin To Net: NetName=NetDD1_22 Pin=SB9-1
Added Net: Name=NetDD1_22
Added Pin To Net: NetName=NetDD1_23 Pin=DD1-23
Added Pin To Net: NetName=NetDD1_23 Pin=SB8-1
Added Net: Name=NetDD1_23
Added Pin To Net: NetName=NetDD1_24 Pin=DD1-24
Added Pin To Net: NetName=NetDD1_24 Pin=SB7-1
Added Net: Name=NetDD1_24
Added Pin To Net: NetName=NetDD1_25 Pin=DD1-25
Added Pin To Net: NetName=NetDD1_25 Pin=SB6-1
Added Net: Name=NetDD1_25
Added Pin To Net: NetName=NetDD1_26 Pin=DD1-26
Added Pin To Net: NetName=NetDD1_26 Pin=SB5-1
Added Net: Name=NetDD1_26
Added Pin To Net: NetName=NetDD1_27 Pin=DD1-27
Added Pin To Net: NetName=NetDD1_27 Pin=SB4-1
Added Net: Name=NetDD1_27
Added Pin To Net: NetName=NetDD1_28 Pin=DD1-28
Added Pin To Net: NetName=NetDD1_28 Pin=SB3-1
Added Net: Name=NetDD1_28
Added Pin To Net: NetName=NetDD2_4 Pin=DD2-4
Added Pin To Net: NetName=NetDD2_4 Pin=XS4-3
Added Net: Name=NetDD2_4
Added Pin To Net: NetName=NetDD2_6 Pin=DD2-6
Added Pin To Net: NetName=NetDD2_6 Pin=XS4-4
Added Net: Name=NetDD2_6
Added Pin To Net: NetName=NetDD2_7 Pin=DD2-7
Added Pin To Net: NetName=NetDD2_7 Pin=XS4-6
Added Net: Name=NetDD2_7
Added Pin To Net: NetName=NetDD2_18 Pin=XS3-1
Added Net: Name=NetDD2_18
Added Pin To Net: NetName=NetSB1_1 Pin=SB1-1
Added Pin To Net: NetName=NetSB1_1 Pin=XS3-2
Added Net: Name=NetSB1_1
Added Pin To Net: NetName=VCC Pin=DD2-15
Added Pin To Net: NetName=VCC Pin=R1-1
Added Pin To Net: NetName=VCC Pin=R2-1
Added Pin To Net: NetName=VCC Pin=SB1-2
Added Pin To Net: NetName=VCC Pin=SB2-2
Added Net: Name=VCC
Added Class: Name=Sheet1
Added Rule: Name=Schematic Supply Nets
Added Rule: Name=Schematic Supply Nets_1
Added Rule: Name=Schematic Supply Nets_2
