Added Component: Designator=XS1(PinOutX6)
Added Component: Designator=XS2(PinOutX8)
Added Component: Designator=XS3(SDcard)
Added Component: Designator=XS4(TFT)
Added Pin To Net: NetName=GND Pin=XS1-1
Added Pin To Net: NetName=+3.3v Pin=XS2-1
Added Pin To Net: NetName=GND Pin=XS2-7
Added Pin To Net: NetName=+3.3v Pin=XS2-8
Added Pin To Net: NetName=GND Pin=XS3-1
Added Pin To Net: NetName=+3.3v Pin=XS4-1
Added Pin To Net: NetName=GND Pin=XS4-7
Added Pin To Net: NetName=+3.3v Pin=XS4-8
Added Pin To Net: NetName=+5v Pin=XS1-2
Added Pin To Net: NetName=+5v Pin=XS3-2
Added Net: Name=+5v
Added Pin To Net: NetName=NetXS1_3 Pin=XS1-3
Added Pin To Net: NetName=NetXS1_3 Pin=XS3-3
Added Net: Name=NetXS1_3
Added Pin To Net: NetName=NetXS1_4 Pin=XS1-4
Added Pin To Net: NetName=NetXS1_4 Pin=XS2-3
Added Pin To Net: NetName=NetXS1_4 Pin=XS3-4
Added Pin To Net: NetName=NetXS1_4 Pin=XS4-3
Added Net: Name=NetXS1_4
Added Pin To Net: NetName=NetXS1_5 Pin=XS1-5
Added Pin To Net: NetName=NetXS1_5 Pin=XS2-2
Added Pin To Net: NetName=NetXS1_5 Pin=XS3-5
Added Pin To Net: NetName=NetXS1_5 Pin=XS4-2
Added Net: Name=NetXS1_5
Added Pin To Net: NetName=NetXS2_4 Pin=XS2-4
Added Pin To Net: NetName=NetXS2_4 Pin=XS4-4
Added Net: Name=NetXS2_4
Added Pin To Net: NetName=NetXS2_5 Pin=XS2-5
Added Pin To Net: NetName=NetXS2_5 Pin=XS4-5
Added Net: Name=NetXS2_5
Added Pin To Net: NetName=NetXS2_6 Pin=XS2-6
Added Pin To Net: NetName=NetXS2_6 Pin=XS4-6
Added Net: Name=NetXS2_6
Added Member To Class: ClassName=Sheet1 Member=Component XS1 SDcard_Connector
Added Member To Class: ClassName=Sheet1 Member=Component XS2 TFT_Display_Connector
Added Member To Class: ClassName=Sheet1 Member=Component XS3 SDcard
Added Member To Class: ClassName=Sheet1 Member=Component XS4 TFT_Display
